    1  ls
    2  pwd
    3  ls-l
    4  ls -a
    5  ls -l
    6  ls -a
    7  ls -la
    8  ls -l -a
    9  help
   10  cd --help
   11  q
   12  cd --help
   13  cd documents
   14  ls -l
   15  cd ..
   16  cd documents
   17  cd ~
   18  cd ..
   19  cd documents
   20  cd ../..
   21  cd documents
   22  cd ~
   23  ls
   24  cd documents
   25  ls
   26  cd ~
   27  mkdir SDC_02-23-2019
   28  ls -l
   29  mkdir SDC_02-23-2019/repository
   30  mkdir SDC_02-23-2019/repository/thesis
   31  mkdir SDC_02-23-2019/repository/thesis/analyses
   32  mkdir SDC_02-23-2019/repository/analyses
   33  mkdir SDC_02-23-2019/repository/data
   34  mkdir SDC_02-23-2019/repository/data/original_data
   35  mkdir SDC_02-23-2019/repository/data/processed_data
   36  pwd
   37  cd  SDC_02-23-2019
   38  ls
   39  cd repository
   40  ls
   41  cd ~
   42  dir
   43  cd  SDC_02-23-2019
   44  ls
   45  dir
   46  ls -la
   47  cd repository
   48  ls -la
   49  cd ~
   50  cd repository
   51  cd  SDC_02-23-2019
   52  cd repository
   53  nano thesis.txt
   54  ls -l
   55  pwd
   56  dir
   57  touch draft.txt
   58  ls -la
   59  ls -l
   60  nano draft.txt
   61  ls -l
   62  mv draft.txt thesis/
   63  ls thesis
   64  dir
   65  pwd
   66  cp thesis.txt thesis/thesis_copy.txt
   67  ls thesis
   68  cd ~
   69  cd  SDC_02-23-2019
   70  pwd
   71  ls -l
   72  cp -r 2019-02-23-WorkshopResource/shell-lessons/data/* repository/data/original_data/
   73  cp -r 2019-02-23-WorkshopResources-master/shell-lessons/data/* repository/data/original_data/
   74  ls -la repository/data/original_data/
   75  ls repository/data/original_data/
   76  cd repository/
   77  pwd
   78  dir
   79  cat data/original_data/gapminder_data/gapminder_by_country/gapminder_final.txt
   80  cat data/original_data/gapminder_data/gapminder_by_country
   81  cat data/original_data/gapminder_data/gapminder_by_country/Afghanistan.cc.txt 
   82  tail -1 data/original_data/gapminder_data/gapminder_by_country/Afghanistan.cc.txt 
   83  head -1 data/original_data/gapminder_data/gapminder_by_country/Afghanistan.cc.txt 
   84  head -2 data/original_data/gapminder_data/gapminder_by_country/Afghanistan.cc.txt 
   85  wc data/original_data/gapminder_data/gapminder_by_country/Afghanistan.cc.txt 
   86  cd data/original_data/gapminder_data/gapminder_by_country/
   87  ls -l
   88  pwd
   89  cat country.cc.txt
   90  mv country.cc.txt  header.txt
   91  cat header.txt 
   92  ls -l
   93  ls
   94  cat header.txt
   95  cat *.cc.txt
   96  cat *.cc.txt | less
   97  cat header.txt *.cc.txt >> ../../../processed_data/all_countries.txt
   98  cd ~/SDC_02-23-2019/repository/data/processed_data/
   99  ls
  100  ls -1
  101  ls -l
  102  head all_countries.txt 
  103  tail all_countries.txt 
  104  pwd
  105  cd ../../../
  106  cd 2019-02-23-WorkshopResources/shell-lessons
  107  ls
  108  cd repository/
  109  ls
  110  cd ../
  111  cd 2019-02-23-WorkshopResources-master/
  112  ls
  113  cd shell-lessons/data/gapminder_data/gapminder_by_country/
  114  nano Argentina.cc.txt 
  115  nano Argentina.cc.txt 
  116  git status
  117  git status
  118  ls -al
  119  git status
  120  pwd
  121  cd ../../../
  122  git
  123  cd ../../
  124  git clone https://github.com/mahdao1/2019-02-23-WorkshopResources.git
  125  cd 2019-02-23-WorkshopResources
  126  ls -ltr ../2019-02-23-WorkshopResources-master/shell-lessons/data/gapminder_data/
  127  ls -ltr ../2019-02-23-WorkshopResources-master/shell-lessons/data/gapminder_data/gapminder_by_country/
  128  cp ../2019-02-23-WorkshopResources-master/shell-lessons/data/gapminder_data/gapminder_by_country/Argentina.cc.txt shell-lessons/data/gapminder_data/gapminder_by_country/
  129  cd shell-lessons/
  130  cd data/gapminder_data/gapminder_by_country/
  131  ls -ltr
  132  git status
  133  git add Argentina.cc.txt 
  134  git commit -m "fix date error in Argentina file"
  135  git config --global
  136  git config --global user.email "omid.mahdavi@gmail.com"
  137  git status
  138  git add Argentina.cc.txt 
  139  git commit -m "fix date error in Argentina file"
  140  git push
  141  git log
  142  cp Vietnam.cc.txt  Vietnam_copy.cc.txt
  143  git status
  144  git add Vietnam_copy.cc.txt 
  145  git commit -m "copy of Vietnman file"
  146  git push
  147  cd ~
  148  cd SDC_02-23-2019/2019-02-23-WorkshopResources/repository
  149  cd ~/SDC_02-23-2019/2019-02-23-WorkshopResources/repository
  150  ls
  151  cd SDC_02-23-2019/repository/data/processed_data/
  152  head all_countries.txt 
  153  cat country.cc.txt
  154  cat header.txt
  155  cd ~/SDC_02-23-2019/repository/
  156  mkdir scripts
  157  ls
  158  cp -r ~/SDC_02-23-2019/2019-02-23-WorkshopResources/shell-lessons/scripts/* scripts/
  159  ls scripts/
  160  cd data/original_data/gapminder_data/gapminder_by_country/
  161  pwd
  162  ls
  163  wc Zimbabwe.cc.txt 
  164  wc -l *.txt
  165  we -l ../../../processed_data/all_countries.txt 
  166  cat Z*.cc.txt
  167  cat A*.cc.txt
  168  Cat I*.cc.txt
  169  cat [YZ]*.txt
  170  cat [W-Z]*.txt
  171  cat header.txt
  172  cut -f 2 Zimbabwe.cc.txt 
  173  cut -f 5 Zimbabwe.cc.txt 
  174  cut -f 5,6 Zimbabwe.cc.txt 
  175  cut -f 3,5,6 Zimbabwe.cc.txt 
  176  cut -f 2-4 Zimbabwe.cc.txt 
  177  cut -f 5 Zimbabwe.cc.txt 
  178  cut -f 5 Zimbabwe.cc.txt | sort -n
  179  cut -f 5 Zimbabwe.cc.txt | sort -nr
  180  cut -f 5 Zimbabwe.cc.txt | sort -nr | head -2
  181  ls
  182  ls | wc -l
  183  grep "2007" [W-Z]*.txt
  184  grep "2007" [L-P]*.txt
  185  grep "\b2007\b" [L-P]*.txt
  186  grep "\b2007\b" [L-P]*.txt | wc -l
  187  grep "\b2007\b" *.txt | wc -l 
  188  ls *.txt | wc -l
  189  cd ../../2007_subset_incorrect.txt 
  190* 
  191  cd ../.../../../scripts/
  192  cd ../../../../scripts/
  193  cd ../data/original_data/gapminder_data/gapminder_by_country/
  194* 
  195  for gapminderfile in [W-Z]*.txt; do   cut -f 5 $gapminderfile | head -1; done
  196  for zfiles in Z*.txt; do  wc -l $zfiles; done
  197  cat ../../../../scripts/loop_files.sh
  198  bash ../../../../scripts/loopfiles.sh
  199  bash ../../../../scripts/loop_files.sh
  200  cat ../../../../scripts/loop_cut.sh
  201  bash ../../../../scripts/loop_cut.sh
  202  nano ../../../../scripts/loop_cut_low.sh
  203  bash ../../../../scripts/loop_cut_low.sh
  204  cat ../../../../scripts/loop_cut_arg.sh
  205  bash ../../../../scripts/loop_cut_arg.sh 3
  206  bash ../../../../scripts/loop_cut_arg.sh 2
  207  bash ../../../../scripts/loop_cut_arg.sh 4
  208  bash ../../../../scripts/loop_cut_arg.sh 24
  209  bash ../../../../scripts/loop_cut_arg.sh 40
  210  bash ../../../../scripts/loop_cut_arg.sh 6
  211  nano ../../../../scripts/loop_cut_arg.sh 
  212  nano ../../../../scripts/loop_cut_arg.sh 3 4
  213  bash ../../../../scripts/loop_cut_arg.sh 3 4
  214  nano ../../../../scripts/loop_cut_arg.sh
  215  bash ../../../../scripts/loop_cut_arg.sh 2 3 6
  216  bash -x ../../../../scripts/loop_cut_arg.sh 2 3 6
  217  nano ../../../../scripts/loop_cut_arg.sh
  218  bash ../../../../scripts/loop_cut_arg.sh 2,5,6,3
  219  nano ../../../../scripts/loop_cut_arg.sh 2,5,6,3
  220  bash ../../../../scripts/loop_cut_arg.sh 2,5,6,3
  221  nano ../../../../scripts/loop_cut_arg.sh 2,5,6,3
  222  bash ../../../../scripts/loop_cut_arg.sh 2,5,6,3
  223* 
  224  nano ../../../../scripts/loop_cut_arg.sh
  225  bash ../../../../scripts/loop_cut_arg.sh 2,5,6,3
  226  bash ../../../../scripts/loop_cut_arg.sh 2 5 6 3
  227  bash ../../../../scripts/loop_cut_arg.sh 2 5 6 3 2
  228  bash ../../../../scripts/loop_cut_arg.sh 2 5 6 3 nr
  229  nano ../../../../scripts/loop_cut_arg.sh
  230  cat ../../../../scripts/conditional.sh
  231  cat ../../../../scripts/loop_conditional.sh
  232  cat ../../../../scripts/loop_conditional1.sh
  233  bash ../../../../scripts/loop_conditional1.sh
  234  bash ../../../../scripts/loop_conditional1.sh 1 high
  235  bash ../../../../scripts/loop_conditional1.sh 5 high
  236  bash ../../../../scripts/loop_conditional1.sh 5 low
  237  cat ../../../../scripts/loop_conditional1.sh
  238  nano ../../../../scripts/loop_conditional1.sh
  239  cat ../../../../scripts/loop_files.sh
  240  cat ../../../../scripts/loop_files_args.sh
  241  bash ../../../../scripts/loop_files_args.sh A*.txt
  242  bash ../../../../scripts/loop_files_args.sh B*.txt
  243  bash ../../../../scripts/loop_files_args.sh [I-K]*.txt
  244  bash ../../../../scripts/loop_files_args.sh [I-K.U]*.txt
  245  bash ../../../../scripts/loop_files_args.sh Af*.txt
  246  bash ../../../../scripts/loop_files_args.sh A*.txt
  247  cat ../../../../scripts/loop_conditional1_commented.sh
  248  cp ../../../../scripts/loop_conditional1_commented.sh ../../../../scripts/loop_shell_exercise.sh
  249  nano ../../../../scripts/loop_shell_exercise.sh
  250  ls Z*.txt > Zfiles.out
  251  cat Zfiles.out
  252  history
  253  history > history.out
